2018-09-20 17:59:48.887  INFO 7460 --- [restartedMain] com.spatome.boot.BootApplication         : Starting BootApplication on zhangwei-PC with PID 7460 (C:\Users\zhangwei\git\boot-demo\target\classes started by zhangwei in C:\Users\zhangwei\git\boot-demo)
2018-09-20 17:59:48.889  INFO 7460 --- [restartedMain] com.spatome.boot.BootApplication         : No active profile set, falling back to default profiles: default
2018-09-20 17:59:48.994  INFO 7460 --- [restartedMain] ConfigServletWebServerApplicationContext : Refreshing org.springframework.boot.web.servlet.context.AnnotationConfigServletWebServerApplicationContext@24d20d5a: startup date [Thu Sep 20 17:59:48 CST 2018]; root of context hierarchy
2018-09-20 17:59:52.719  INFO 7460 --- [restartedMain] o.s.b.w.embedded.tomcat.TomcatWebServer  : Tomcat initialized with port(s): 9950 (http)
2018-09-20 17:59:52.784  INFO 7460 --- [restartedMain] o.apache.catalina.core.StandardService   : Starting service [Tomcat]
2018-09-20 17:59:52.784  INFO 7460 --- [restartedMain] org.apache.catalina.core.StandardEngine  : Starting Servlet Engine: Apache Tomcat/8.5.32
2018-09-20 17:59:52.808  INFO 7460 --- [localhost-startStop-1] o.a.catalina.core.AprLifecycleListener   : The APR based Apache Tomcat Native library which allows optimal performance in production environments was not found on the java.library.path: [C:\jdk1.8\bin;C:\Windows\Sun\Java\bin;C:\Windows\system32;C:\Windows;C:/jdk1.8/bin/../jre/bin/server;C:/jdk1.8/bin/../jre/bin;C:/jdk1.8/bin/../jre/lib/amd64;.;C:\spatome\scala\bin;C:\spatome\hadoop3\bin;C:\spatome\spark\bin;C:\mycat\bin;C:\jdk1.8\bin;C:\ProgramData\Oracle\Java\javapath;C:\Windows\system32;C:\Windows;C:\Windows\System32\Wbem;C:\Windows\System32\WindowsPowerShell\v1.0\;D:\Program Files\TortoiseSVN\bin;C:\Program Files\Git\cmd;C:\nodejs\;C:\Users\zhangwei\AppData\Local\Programs\Fiddler;C:\Program Files\Docker Toolbox;C:\Users\zhangwei\AppData\Roaming\npm;F:\eclipse;;.]
2018-09-20 17:59:52.989  INFO 7460 --- [localhost-startStop-1] o.a.c.c.C.[Tomcat].[localhost].[/]       : Initializing Spring embedded WebApplicationContext
2018-09-20 17:59:52.990  INFO 7460 --- [localhost-startStop-1] o.s.web.context.ContextLoader            : Root WebApplicationContext: initialization completed in 3996 ms
2018-09-20 17:59:53.168  INFO 7460 --- [localhost-startStop-1] o.s.b.w.servlet.ServletRegistrationBean  : Servlet dispatcherServlet mapped to [/]
2018-09-20 17:59:53.173  INFO 7460 --- [localhost-startStop-1] o.s.b.w.servlet.FilterRegistrationBean   : Mapping filter: 'characterEncodingFilter' to: [/*]
2018-09-20 17:59:53.174  INFO 7460 --- [localhost-startStop-1] o.s.b.w.servlet.FilterRegistrationBean   : Mapping filter: 'hiddenHttpMethodFilter' to: [/*]
2018-09-20 17:59:53.180  INFO 7460 --- [localhost-startStop-1] o.s.b.w.servlet.FilterRegistrationBean   : Mapping filter: 'httpPutFormContentFilter' to: [/*]
2018-09-20 17:59:53.180  INFO 7460 --- [localhost-startStop-1] o.s.b.w.servlet.FilterRegistrationBean   : Mapping filter: 'requestContextFilter' to: [/*]
2018-09-20 17:59:53.293  INFO 7460 --- [restartedMain] com.spatome.boot.util.SpringUtil         : 创建SpringUtil成功!
2018-09-20 17:59:53.513  INFO 7460 --- [restartedMain] o.s.w.s.handler.SimpleUrlHandlerMapping  : Mapped URL path [/**/favicon.ico] onto handler of type [class org.springframework.web.servlet.resource.ResourceHttpRequestHandler]
2018-09-20 17:59:53.892  INFO 7460 --- [restartedMain] s.w.s.m.m.a.RequestMappingHandlerAdapter : Looking for @ControllerAdvice: org.springframework.boot.web.servlet.context.AnnotationConfigServletWebServerApplicationContext@24d20d5a: startup date [Thu Sep 20 17:59:48 CST 2018]; root of context hierarchy
2018-09-20 17:59:54.554  INFO 7460 --- [restartedMain] s.w.s.m.m.a.RequestMappingHandlerMapping : Mapped "{[/demo/test],methods=[GET]}" onto public java.lang.Object com.spatome.boot.controller.DemoController.test(javax.servlet.http.HttpServletRequest,javax.servlet.http.HttpServletResponse)
2018-09-20 17:59:54.557  INFO 7460 --- [restartedMain] s.w.s.m.m.a.RequestMappingHandlerMapping : Mapped "{[/process/{transType}],methods=[POST]}" onto public java.lang.Object com.spatome.boot.controller.TransTypeController.process(java.lang.String,java.util.Map<java.lang.String, java.lang.String>,javax.servlet.http.HttpServletRequest,javax.servlet.http.HttpServletResponse) throws java.lang.Exception
2018-09-20 17:59:54.564  INFO 7460 --- [restartedMain] s.w.s.m.m.a.RequestMappingHandlerMapping : Mapped "{[/error]}" onto public org.springframework.http.ResponseEntity<java.util.Map<java.lang.String, java.lang.Object>> org.springframework.boot.autoconfigure.web.servlet.error.BasicErrorController.error(javax.servlet.http.HttpServletRequest)
2018-09-20 17:59:54.565  INFO 7460 --- [restartedMain] s.w.s.m.m.a.RequestMappingHandlerMapping : Mapped "{[/error],produces=[text/html]}" onto public org.springframework.web.servlet.ModelAndView org.springframework.boot.autoconfigure.web.servlet.error.BasicErrorController.errorHtml(javax.servlet.http.HttpServletRequest,javax.servlet.http.HttpServletResponse)
2018-09-20 17:59:54.644  INFO 7460 --- [restartedMain] o.s.w.s.handler.SimpleUrlHandlerMapping  : Mapped URL path [/webjars/**] onto handler of type [class org.springframework.web.servlet.resource.ResourceHttpRequestHandler]
2018-09-20 17:59:54.645  INFO 7460 --- [restartedMain] o.s.w.s.handler.SimpleUrlHandlerMapping  : Mapped URL path [/**] onto handler of type [class org.springframework.web.servlet.resource.ResourceHttpRequestHandler]
2018-09-20 17:59:54.679  INFO 7460 --- [restartedMain] .m.m.a.ExceptionHandlerExceptionResolver : Detected @ExceptionHandler methods in baseController
2018-09-20 17:59:54.681  INFO 7460 --- [restartedMain] .m.m.a.ExceptionHandlerExceptionResolver : Detected @ExceptionHandler methods in demoController
2018-09-20 17:59:54.687  INFO 7460 --- [restartedMain] .m.m.a.ExceptionHandlerExceptionResolver : Detected @ExceptionHandler methods in transTypeController
2018-09-20 17:59:55.056  INFO 7460 --- [restartedMain] o.s.b.d.a.OptionalLiveReloadServer       : LiveReload server is running on port 35729
2018-09-20 17:59:55.131  INFO 7460 --- [restartedMain] o.s.j.e.a.AnnotationMBeanExporter        : Registering beans for JMX exposure on startup
2018-09-20 17:59:55.571  INFO 7460 --- [restartedMain] o.s.b.w.embedded.tomcat.TomcatWebServer  : Tomcat started on port(s): 9950 (http) with context path ''
2018-09-20 17:59:55.581  INFO 7460 --- [restartedMain] com.spatome.boot.BootApplication         : Started BootApplication in 7.477 seconds (JVM running for 8.574)
2018-09-20 18:56:38.506  INFO 8868 --- [restartedMain] com.spatome.boot.BootApplication         : Starting BootApplication on zhangwei-PC with PID 8868 (C:\Users\zhangwei\git\boot-demo\target\classes started by zhangwei in C:\Users\zhangwei\git\boot-demo)
2018-09-20 18:56:38.508  INFO 8868 --- [restartedMain] com.spatome.boot.BootApplication         : No active profile set, falling back to default profiles: default
2018-09-20 18:56:38.615  INFO 8868 --- [restartedMain] ConfigServletWebServerApplicationContext : Refreshing org.springframework.boot.web.servlet.context.AnnotationConfigServletWebServerApplicationContext@37f93e4c: startup date [Thu Sep 20 18:56:38 CST 2018]; root of context hierarchy
2018-09-20 18:56:42.464  INFO 8868 --- [restartedMain] o.s.b.w.embedded.tomcat.TomcatWebServer  : Tomcat initialized with port(s): 9950 (http)
2018-09-20 18:56:42.514  INFO 8868 --- [restartedMain] o.apache.catalina.core.StandardService   : Starting service [Tomcat]
2018-09-20 18:56:42.515  INFO 8868 --- [restartedMain] org.apache.catalina.core.StandardEngine  : Starting Servlet Engine: Apache Tomcat/8.5.32
2018-09-20 18:56:42.535  INFO 8868 --- [localhost-startStop-1] o.a.catalina.core.AprLifecycleListener   : The APR based Apache Tomcat Native library which allows optimal performance in production environments was not found on the java.library.path: [C:\jdk1.8\bin;C:\Windows\Sun\Java\bin;C:\Windows\system32;C:\Windows;C:/jdk1.8/bin/../jre/bin/server;C:/jdk1.8/bin/../jre/bin;C:/jdk1.8/bin/../jre/lib/amd64;.;C:\spatome\scala\bin;C:\spatome\hadoop3\bin;C:\spatome\spark\bin;C:\mycat\bin;C:\jdk1.8\bin;C:\ProgramData\Oracle\Java\javapath;C:\Windows\system32;C:\Windows;C:\Windows\System32\Wbem;C:\Windows\System32\WindowsPowerShell\v1.0\;D:\Program Files\TortoiseSVN\bin;C:\Program Files\Git\cmd;C:\nodejs\;C:\Users\zhangwei\AppData\Local\Programs\Fiddler;C:\Program Files\Docker Toolbox;C:\Users\zhangwei\AppData\Roaming\npm;F:\eclipse;;.]
2018-09-20 18:56:42.763  INFO 8868 --- [localhost-startStop-1] o.a.c.c.C.[Tomcat].[localhost].[/]       : Initializing Spring embedded WebApplicationContext
2018-09-20 18:56:42.764  INFO 8868 --- [localhost-startStop-1] o.s.web.context.ContextLoader            : Root WebApplicationContext: initialization completed in 4149 ms
2018-09-20 18:56:42.920  INFO 8868 --- [localhost-startStop-1] o.s.b.w.servlet.ServletRegistrationBean  : Servlet dispatcherServlet mapped to [/]
2018-09-20 18:56:42.927  INFO 8868 --- [localhost-startStop-1] o.s.b.w.servlet.FilterRegistrationBean   : Mapping filter: 'characterEncodingFilter' to: [/*]
2018-09-20 18:56:42.928  INFO 8868 --- [localhost-startStop-1] o.s.b.w.servlet.FilterRegistrationBean   : Mapping filter: 'hiddenHttpMethodFilter' to: [/*]
2018-09-20 18:56:42.928  INFO 8868 --- [localhost-startStop-1] o.s.b.w.servlet.FilterRegistrationBean   : Mapping filter: 'httpPutFormContentFilter' to: [/*]
2018-09-20 18:56:42.928  INFO 8868 --- [localhost-startStop-1] o.s.b.w.servlet.FilterRegistrationBean   : Mapping filter: 'requestContextFilter' to: [/*]
2018-09-20 18:56:43.060  INFO 8868 --- [restartedMain] com.spatome.boot.util.SpringUtil         : 创建SpringUtil成功!
2018-09-20 18:56:43.260  INFO 8868 --- [restartedMain] o.s.w.s.handler.SimpleUrlHandlerMapping  : Mapped URL path [/**/favicon.ico] onto handler of type [class org.springframework.web.servlet.resource.ResourceHttpRequestHandler]
2018-09-20 18:56:43.647  INFO 8868 --- [restartedMain] s.w.s.m.m.a.RequestMappingHandlerAdapter : Looking for @ControllerAdvice: org.springframework.boot.web.servlet.context.AnnotationConfigServletWebServerApplicationContext@37f93e4c: startup date [Thu Sep 20 18:56:38 CST 2018]; root of context hierarchy
2018-09-20 18:56:43.789  INFO 8868 --- [restartedMain] s.w.s.m.m.a.RequestMappingHandlerMapping : Mapped "{[/demo/test],methods=[GET]}" onto public java.lang.Object com.spatome.boot.controller.DemoController.test(javax.servlet.http.HttpServletRequest,javax.servlet.http.HttpServletResponse)
2018-09-20 18:56:43.793  INFO 8868 --- [restartedMain] s.w.s.m.m.a.RequestMappingHandlerMapping : Mapped "{[/process/{transType}],methods=[POST]}" onto public java.lang.Object com.spatome.boot.controller.TransTypeController.process(java.lang.String,java.util.Map<java.lang.String, java.lang.String>,javax.servlet.http.HttpServletRequest,javax.servlet.http.HttpServletResponse) throws java.lang.Exception
2018-09-20 18:56:43.801  INFO 8868 --- [restartedMain] s.w.s.m.m.a.RequestMappingHandlerMapping : Mapped "{[/error]}" onto public org.springframework.http.ResponseEntity<java.util.Map<java.lang.String, java.lang.Object>> org.springframework.boot.autoconfigure.web.servlet.error.BasicErrorController.error(javax.servlet.http.HttpServletRequest)
2018-09-20 18:56:43.802  INFO 8868 --- [restartedMain] s.w.s.m.m.a.RequestMappingHandlerMapping : Mapped "{[/error],produces=[text/html]}" onto public org.springframework.web.servlet.ModelAndView org.springframework.boot.autoconfigure.web.servlet.error.BasicErrorController.errorHtml(javax.servlet.http.HttpServletRequest,javax.servlet.http.HttpServletResponse)
2018-09-20 18:56:43.886  INFO 8868 --- [restartedMain] o.s.w.s.handler.SimpleUrlHandlerMapping  : Mapped URL path [/webjars/**] onto handler of type [class org.springframework.web.servlet.resource.ResourceHttpRequestHandler]
2018-09-20 18:56:43.887  INFO 8868 --- [restartedMain] o.s.w.s.handler.SimpleUrlHandlerMapping  : Mapped URL path [/**] onto handler of type [class org.springframework.web.servlet.resource.ResourceHttpRequestHandler]
2018-09-20 18:56:43.917  INFO 8868 --- [restartedMain] .m.m.a.ExceptionHandlerExceptionResolver : Detected @ExceptionHandler methods in baseController
2018-09-20 18:56:43.923  INFO 8868 --- [restartedMain] .m.m.a.ExceptionHandlerExceptionResolver : Detected @ExceptionHandler methods in demoController
2018-09-20 18:56:43.924  INFO 8868 --- [restartedMain] .m.m.a.ExceptionHandlerExceptionResolver : Detected @ExceptionHandler methods in transTypeController
2018-09-20 18:56:44.291  INFO 8868 --- [restartedMain] o.s.b.d.a.OptionalLiveReloadServer       : LiveReload server is running on port 35729
2018-09-20 18:56:44.351  INFO 8868 --- [restartedMain] o.s.j.e.a.AnnotationMBeanExporter        : Registering beans for JMX exposure on startup
2018-09-20 18:56:44.732  INFO 8868 --- [restartedMain] o.s.b.w.embedded.tomcat.TomcatWebServer  : Tomcat started on port(s): 9950 (http) with context path ''
2018-09-20 18:56:44.742  INFO 8868 --- [restartedMain] com.spatome.boot.BootApplication         : Started BootApplication in 7.144 seconds (JVM running for 8.027)
